<?xml version="1.0" encoding="UTF-8"?>
<!-- Generated by org.testng.reporters.JUnitReportReporter -->
<testsuite hostname="LTIN194972" failures="0" tests="10" name="TestCases.TC1_travelInsurance" time="44.119" errors="0" timestamp="2024-03-07T16:12:35 IST" skipped="0">
  <testcase classname="TestCases.TC1_travelInsurance" name="countrydetails" time="7.523"/>
  <system-out/>
  <testcase classname="TestCases.TC1_travelInsurance" name="tripdates" time="7.132"/>
  <system-out/>
  <testcase classname="TestCases.TC1_travelInsurance" name="travellerage" time="9.816"/>
  <system-out/>
  <testcase classname="TestCases.TC1_travelInsurance" name="medicaldetails" time="0.535"/>
  <system-out/>
  <testcase classname="TestCases.TC1_travelInsurance" name="Enteringphone" time="1.751"/>
  <system-out/>
  <testcase classname="TestCases.TC1_travelInsurance" name="plantype" time="4.870"/>
  <system-out/>
  <testcase classname="TestCases.TC1_travelInsurance" name="studentinfo" time="5.135"/>
  <system-out/>
  <testcase classname="TestCases.TC1_travelInsurance" name="tripduration" time="0.435"/>
  <system-out/>
  <testcase classname="TestCases.TC1_travelInsurance" name="addingfilter" time="4.548"/>
  <system-out/>
  <testcase classname="TestCases.TC1_travelInsurance" name="InsurancePlans" time="2.374"/>
  <system-out/>
</testsuite> <!-- TestCases.TC1_travelInsurance -->
