<?xml version="1.0" encoding="UTF-8"?>
<!-- Generated by org.testng.reporters.JUnitReportReporter -->
<testsuite hostname="LTIN194972" failures="0" tests="3" name="TestCases.TC3_HealthInsurance" time="3.763" errors="0" timestamp="2024-03-07T16:12:35 IST" skipped="0">
  <testcase classname="TestCases.TC3_HealthInsurance" name="navigateHomePage" time="2.595"/>
  <system-out/>
  <testcase classname="TestCases.TC3_HealthInsurance" name="clickproduct" time="0.121"/>
  <system-out/>
  <testcase classname="TestCases.TC3_HealthInsurance" name="displayinsurancelist" time="1.047"/>
  <system-out/>
</testsuite> <!-- TestCases.TC3_HealthInsurance -->
