<?xml version="1.0" encoding="UTF-8"?>
<!-- Generated by org.testng.reporters.JUnitReportReporter -->
<testsuite hostname="LTIN193891" failures="0" tests="20" name="Regression.RegressionTest" time="130.195" errors="0" timestamp="2024-03-06T20:27:35 IST" skipped="0">
  <testcase classname="Regression.RegressionTest" name="countrydetails" time="4.730"/>
  <testcase classname="Regression.RegressionTest" name="tripdates" time="4.252"/>
  <testcase classname="Regression.RegressionTest" name="travellerage" time="9.568"/>
  <testcase classname="Regression.RegressionTest" name="medicaldetails" time="0.941"/>
  <testcase classname="Regression.RegressionTest" name="Enteringphone" time="1.742"/>
  <testcase classname="Regression.RegressionTest" name="plantype" time="4.184"/>
  <testcase classname="Regression.RegressionTest" name="studentinfo" time="4.387"/>
  <testcase classname="Regression.RegressionTest" name="tripduration" time="0.402"/>
  <testcase classname="Regression.RegressionTest" name="addingfilter" time="4.303"/>
  <testcase classname="Regression.RegressionTest" name="InsurancePlans" time="1.798"/>
  <testcase classname="Regression.RegressionTest" name="homePage" time="2.066"/>
  <testcase classname="Regression.RegressionTest" name="carinsurancepage" time="9.492"/>
  <testcase classname="Regression.RegressionTest" name="cityandrto" time="4.289"/>
  <testcase classname="Regression.RegressionTest" name="carbrand" time="4.502"/>
  <testcase classname="Regression.RegressionTest" name="varient" time="6.567"/>
  <testcase classname="Regression.RegressionTest" name="invalidemail" time="23.483"/>
  <testcase classname="Regression.RegressionTest" name="errorMessage" time="39.648"/>
  <testcase classname="Regression.RegressionTest" name="navigateHomePage" time="2.476"/>
  <testcase classname="Regression.RegressionTest" name="clickproduct" time="0.123"/>
  <testcase classname="Regression.RegressionTest" name="displayinsurancelist" time="1.242"/>
</testsuite> <!-- Regression.RegressionTest -->
