<?xml version="1.0" encoding="UTF-8"?>
<!-- Generated by org.testng.reporters.JUnitReportReporter -->
<testsuite hostname="LTIN194972" failures="0" tests="7" name="TestCases.testcase_carinsurance" time="93.766" errors="0" timestamp="2024-03-07T10:06:31 IST" skipped="0">
  <testcase classname="TestCases.testcase_carinsurance" name="homePage" time="2.976"/>
  <system-out/>
  <testcase classname="TestCases.testcase_carinsurance" name="carinsurancepage" time="9.993"/>
  <system-out/>
  <testcase classname="TestCases.testcase_carinsurance" name="cityandrto" time="4.420"/>
  <system-out/>
  <testcase classname="TestCases.testcase_carinsurance" name="carbrand" time="4.434"/>
  <system-out/>
  <testcase classname="TestCases.testcase_carinsurance" name="varient" time="6.461"/>
  <system-out/>
  <testcase classname="TestCases.testcase_carinsurance" name="gettingquotes" time="24.393"/>
  <system-out/>
  <testcase classname="TestCases.testcase_carinsurance" name="errorMessage" time="41.089"/>
  <system-out/>
</testsuite> <!-- TestCases.testcase_carinsurance -->
