<?xml version="1.0" encoding="UTF-8"?>
<!-- Generated by org.testng.reporters.JUnitReportReporter -->
<testsuite hostname="LTIN194972" failures="0" tests="3" name="TestCases.testcase_healthinsurance" time="4.153" errors="0" timestamp="2024-03-07T10:06:31 IST" skipped="0">
  <testcase classname="TestCases.testcase_healthinsurance" name="navigateHomePage" time="2.542"/>
  <system-out/>
  <testcase classname="TestCases.testcase_healthinsurance" name="clickproduct" time="0.250"/>
  <system-out/>
  <testcase classname="TestCases.testcase_healthinsurance" name="displayinsurancelist" time="1.361"/>
  <system-out/>
</testsuite> <!-- TestCases.testcase_healthinsurance -->
