<?xml version="1.0" encoding="UTF-8"?>
<!-- Generated by org.testng.reporters.JUnitReportReporter -->
<testsuite hostname="LTIN194972" failures="0" tests="10" name="TestCases.testcase_travelinsurance" time="38.058" errors="0" timestamp="2024-03-07T10:06:31 IST" skipped="0">
  <testcase classname="TestCases.testcase_travelinsurance" name="countrydetails" time="6.569"/>
  <system-out/>
  <testcase classname="TestCases.testcase_travelinsurance" name="tripdates" time="4.212"/>
  <system-out/>
  <testcase classname="TestCases.testcase_travelinsurance" name="travellerage" time="9.447"/>
  <system-out/>
  <testcase classname="TestCases.testcase_travelinsurance" name="medicaldetails" time="0.782"/>
  <system-out/>
  <testcase classname="TestCases.testcase_travelinsurance" name="Enteringphone" time="1.677"/>
  <system-out/>
  <testcase classname="TestCases.testcase_travelinsurance" name="plantype" time="3.615"/>
  <system-out/>
  <testcase classname="TestCases.testcase_travelinsurance" name="studentinfo" time="4.445"/>
  <system-out/>
  <testcase classname="TestCases.testcase_travelinsurance" name="tripduration" time="0.492"/>
  <system-out/>
  <testcase classname="TestCases.testcase_travelinsurance" name="addingfilter" time="4.490"/>
  <system-out/>
  <testcase classname="TestCases.testcase_travelinsurance" name="InsurancePlans" time="2.329"/>
  <system-out/>
</testsuite> <!-- TestCases.testcase_travelinsurance -->
